HomeTreatment/build/app/intermediates/manifest_merge_blame_file/debug/manifest-merger-blame-debug-report.txt
1<?xml version="1.0" encoding="utf-8"?>
2<manifest xmlns:android="http://schemas.android.com/apk/res/android"
3    package="com.example.HomeTreatment"
4    android:versionCode="1"
5    android:versionName="1.0.0" >
6
7    <uses-sdk
8        android:minSdkVersion="16"
9        android:targetSdkVersion="29" />
10    <!--
11         Flutter needs it to communicate with the running application
12         to allow setting breakpoints, to provide hot reload, etc.
13    -->
14    <uses-permission android:name="android.permission.INTERNET" />
14-->src/debug/AndroidManifest.xml:6:5-66
14-->src/debug/AndroidManifest.xml:6:22-64
15    <!--
16     io.flutter.app.FlutterApplication is an android.app.Application that
17         calls FlutterMain.startInitialization(this); in its onCreate method.
18         In most cases you can leave this as-is, but you if you want to provide
19         additional functionality it is fine to subclass or reimplement
20         FlutterApplication and put your custom class here.
21    -->
22    <uses-permission android:name="android.permission.RECEIVE_BOOT_COMPLETED" />
22-->src/main/AndroidManifest.xml:9:10-85
22-->src/main/AndroidManifest.xml:9:27-83
23    <uses-permission android:name="android.permission.VIBRATE" />
23-->src/main/AndroidManifest.xml:10:10-71
23-->src/main/AndroidManifest.xml:10:27-68
24    <uses-permission android:name="android.permission.READ_EXTERNAL_STORAGE" />
24-->[:image_picker] AndroidManifest.xml:7:5-80
24-->[:image_picker] AndroidManifest.xml:7:22-77
25    <uses-permission android:name="android.permission.WRITE_EXTERNAL_STORAGE" />
25-->[:image_picker] AndroidManifest.xml:8:5-81
25-->[:image_picker] AndroidManifest.xml:8:22-78
26    <uses-permission android:name="android.permission.USE_FULL_SCREEN_INTENT" />
26-->[:flutter_local_notifications] AndroidManifest.xml:9:5-81
26-->[:flutter_local_notifications] AndroidManifest.xml:9:22-78
27
28    <application
28-->src/main/AndroidManifest.xml:12:10-60:19
29        android:name="io.flutter.app.FlutterApplication"
29-->src/main/AndroidManifest.xml:13:9-57
30        android:appComponentFactory="androidx.core.app.CoreComponentFactory"
30-->[androidx.core:core:1.3.0] AndroidManifest.xml:24:18-86
31        android:debuggable="true"
32        android:icon="@mipmap/ic_launcher"
32-->src/main/AndroidManifest.xml:15:9-43
33        android:label="HomeTreatment" >
33-->src/main/AndroidManifest.xml:14:9-38
34        <activity
34-->src/main/AndroidManifest.xml:16:9-45:20
35            android:name="com.example.HomeTreatment.MainActivity"
35-->src/main/AndroidManifest.xml:17:13-41
36            android:configChanges="orientation|keyboardHidden|keyboard|screenSize|smallestScreenSize|locale|layoutDirection|fontScale|screenLayout|density|uiMode"
36-->src/main/AndroidManifest.xml:20:13-163
37            android:hardwareAccelerated="true"
37-->src/main/AndroidManifest.xml:21:13-47
38            android:launchMode="singleTop"
38-->src/main/AndroidManifest.xml:18:13-43
39            android:theme="@style/LaunchTheme"
39-->src/main/AndroidManifest.xml:19:13-47
40            android:windowSoftInputMode="adjustResize" >
40-->src/main/AndroidManifest.xml:22:13-55
41
42            <!--
43                 Specifies an Android theme to apply to this Activity as soon as
44                 the Android process has started. This theme is visible to the user
45                 while the Flutter UI initializes. After that, this theme continues
46                 to determine the Window background behind the Flutter UI.
47            -->
48            <meta-data
48-->src/main/AndroidManifest.xml:27:13-30:17
49                android:name="io.flutter.embedding.android.NormalTheme"
49-->src/main/AndroidManifest.xml:28:15-70
50                android:resource="@style/NormalTheme" />
50-->src/main/AndroidManifest.xml:29:15-52
51
52            <!--
53                 Displays an Android View that continues showing the launch screen
54                 Drawable until Flutter paints its first frame, then this splash
55                 screen fades out. A splash screen is useful to avoid any visual
56                 gap between the end of Android's launch screen and the painting of
57                 Flutter's first frame.
58            -->
59            <meta-data
59-->src/main/AndroidManifest.xml:37:13-40:17
60                android:name="io.flutter.embedding.android.SplashScreenDrawable"
60-->src/main/AndroidManifest.xml:38:15-79
61                android:resource="@drawable/launch_background" />
61-->src/main/AndroidManifest.xml:39:15-61
62
63            <intent-filter>
63-->src/main/AndroidManifest.xml:41:13-44:29
64                <action android:name="android.intent.action.MAIN" />
64-->src/main/AndroidManifest.xml:42:17-68
64-->src/main/AndroidManifest.xml:42:25-66
65
66                <category android:name="android.intent.category.LAUNCHER" />
66-->src/main/AndroidManifest.xml:43:17-76
66-->src/main/AndroidManifest.xml:43:27-74
67            </intent-filter>
68        </activity>
69
70        <receiver android:name="com.dexterous.flutterlocalnotifications.ScheduledNotificationBootReceiver" >
70-->src/main/AndroidManifest.xml:48:9-53:18
70-->src/main/AndroidManifest.xml:48:19-107
71            <intent-filter>
71-->src/main/AndroidManifest.xml:49:11-52:27
72                <action android:name="android.intent.action.BOOT_COMPLETED" />
72-->src/main/AndroidManifest.xml:50:15-76
72-->src/main/AndroidManifest.xml:50:23-74
73                <action android:name="android.intent.action.MY_PACKAGE_REPLACED" />
73-->src/main/AndroidManifest.xml:51:15-81
73-->src/main/AndroidManifest.xml:51:23-79
74            </intent-filter>
75            <intent-filter>
75-->[:flutter_local_notifications] AndroidManifest.xml:14:13-19:29
76                <action android:name="android.intent.action.BOOT_COMPLETED" />
76-->src/main/AndroidManifest.xml:50:15-76
76-->src/main/AndroidManifest.xml:50:23-74
77                <action android:name="android.intent.action.MY_PACKAGE_REPLACED" />
77-->src/main/AndroidManifest.xml:51:15-81
77-->src/main/AndroidManifest.xml:51:23-79
78                <action android:name="android.intent.action.QUICKBOOT_POWERON" />
78-->[:flutter_local_notifications] AndroidManifest.xml:17:17-82
78-->[:flutter_local_notifications] AndroidManifest.xml:17:25-79
79                <action android:name="com.htc.intent.action.QUICKBOOT_POWERON" />
79-->[:flutter_local_notifications] AndroidManifest.xml:18:17-82
79-->[:flutter_local_notifications] AndroidManifest.xml:18:25-79
80            </intent-filter>
81        </receiver>
82        <receiver android:name="com.dexterous.flutterlocalnotifications.ScheduledNotificationReceiver" />
82-->src/main/AndroidManifest.xml:54:7-104
82-->src/main/AndroidManifest.xml:54:17-101
83        <!--
84             Don't delete the meta-data below.
85             This is used by the Flutter tool to generate GeneratedPluginRegistrant.java
86        -->
87        <meta-data
87-->src/main/AndroidManifest.xml:57:9-59:33
88            android:name="flutterEmbedding"
88-->src/main/AndroidManifest.xml:58:13-44
89            android:value="2" />
89-->src/main/AndroidManifest.xml:59:13-30
90
91        <provider
91-->[:image_picker] AndroidManifest.xml:11:9-19:20
92            android:name="io.flutter.plugins.imagepicker.ImagePickerFileProvider"
92-->[:image_picker] AndroidManifest.xml:12:13-82
93            android:authorities="com.example.HomeTreatment.flutter.image_provider"
93-->[:image_picker] AndroidManifest.xml:13:13-74
94            android:exported="false"
94-->[:image_picker] AndroidManifest.xml:14:13-37
95            android:grantUriPermissions="true" >
95-->[:image_picker] AndroidManifest.xml:15:13-47
96            <meta-data
96-->[:image_picker] AndroidManifest.xml:16:13-18:75
97                android:name="android.support.FILE_PROVIDER_PATHS"
97-->[:image_picker] AndroidManifest.xml:17:17-67
98                android:resource="@xml/flutter_image_picker_file_paths" />
98-->[:image_picker] AndroidManifest.xml:18:17-72
99        </provider>
100
101        <activity
101-->[:url_launcher] AndroidManifest.xml:8:9-11:74
102            android:name="io.flutter.plugins.urllauncher.WebViewActivity"
102-->[:url_launcher] AndroidManifest.xml:9:13-74
103            android:exported="false"
103-->[:url_launcher] AndroidManifest.xml:10:13-37
104            android:theme="@android:style/Theme.NoTitleBar.Fullscreen" />
104-->[:url_launcher] AndroidManifest.xml:11:13-71
105    </application>
106
107</manifest>